Copyright 1986-2018 Xilinx, Inc. All Rights Reserved.
------------------------------------------------------------------------------------
| Tool Version : Vivado v.2018.2 (win64) Build 2258646 Thu Jun 14 20:03:12 MDT 2018
| Date         : Mon May 12 21:52:48 2025
| Host         : DESKTOP-EODFDLH running 64-bit major release  (build 9200)
| Command      : report_control_sets -verbose -file pmp_control_sets_placed.rpt
| Design       : pmp
| Device       : xc7a100t
------------------------------------------------------------------------------------

Control Set Information

Table of Contents
-----------------
1. Summary
2. Histogram
3. Flip-Flop Distribution
4. Detailed Control Set Information

1. Summary
----------

+----------------------------------------------------------+-------+
|                          Status                          | Count |
+----------------------------------------------------------+-------+
| Number of unique control sets                            |    18 |
| Unused register locations in slices containing registers |   108 |
+----------------------------------------------------------+-------+


2. Histogram
------------

+--------+--------------+
| Fanout | Control Sets |
+--------+--------------+
|      2 |           18 |
+--------+--------------+


3. Flip-Flop Distribution
-------------------------

+--------------+-----------------------+------------------------+-----------------+--------------+
| Clock Enable | Synchronous Set/Reset | Asynchronous Set/Reset | Total Registers | Total Slices |
+--------------+-----------------------+------------------------+-----------------+--------------+
| No           | No                    | No                     |               0 |            0 |
| No           | No                    | Yes                    |              36 |           18 |
| No           | Yes                   | No                     |               0 |            0 |
| Yes          | No                    | No                     |               0 |            0 |
| Yes          | No                    | Yes                    |               0 |            0 |
| Yes          | Yes                   | No                     |               0 |            0 |
+--------------+-----------------------+------------------------+-----------------+--------------+


4. Detailed Control Set Information
-----------------------------------

+-----------------------------+---------------+------------------+------------------+----------------+
|         Clock Signal        | Enable Signal | Set/Reset Signal | Slice Load Count | Bel Load Count |
+-----------------------------+---------------+------------------+------------------+----------------+
|  genblk1[11].UUT2/Q_reg_0   |               | reset_IBUF       |                1 |              2 |
|  genblk1[5].UUT2/Q_reg_0    |               | reset_IBUF       |                1 |              2 |
|  genblk1[10].UUT2/Q_reg_0   |               | reset_IBUF       |                1 |              2 |
|  UUT/Q                      |               | reset_IBUF       |                1 |              2 |
|  genblk1[3].UUT2/Q_reg_0    |               | reset_IBUF       |                1 |              2 |
|  genblk1[4].UUT2/Q_reg_0    |               | reset_IBUF       |                1 |              2 |
|  genblk1[14].UUT2/Q_reg_0   |               | reset_IBUF       |                1 |              2 |
|  genblk1[9].UUT2/Q_reg_0    |               | reset_IBUF       |                1 |              2 |
|  genblk1[8].UUT2/Q_reg_0    |               | reset_IBUF       |                1 |              2 |
|  genblk1[12].UUT2/Q_reg_0   |               | reset_IBUF       |                1 |              2 |
|  genblk1[13].UUT2/Q_reg_0   |               | reset_IBUF       |                1 |              2 |
|  genblk1[7].UUT2/Q_reg_0    |               | reset_IBUF       |                1 |              2 |
|  genblk1[6].UUT2/Q_reg_0    |               | reset_IBUF       |                1 |              2 |
|  genblk1[15].UUT2/p_0_in[0] |               | reset_IBUF       |                1 |              2 |
|  genblk1[1].UUT2/Q_reg_0    |               | reset_IBUF       |                1 |              2 |
|  clock_IBUF_BUFG            |               | reset_IBUF       |                1 |              2 |
|  genblk1[16].UUT2/p_0_in[0] |               | reset_IBUF       |                1 |              2 |
|  genblk1[2].UUT2/Q_reg_0    |               | reset_IBUF       |                1 |              2 |
+-----------------------------+---------------+------------------+------------------+----------------+


